WARNING: Changing ROM Bank or RAM Bank is not possible in this cartridge type
WARNING: Putting 0x0 in invalid memory address: 0xfeff
WARNING: Putting 0x0 in invalid memory address: 0xfefe
WARNING: Putting 0x0 in invalid memory address: 0xfefd
WARNING: Putting 0x0 in invalid memory address: 0xfefc
WARNING: Putting 0x0 in invalid memory address: 0xfefb
WARNING: Putting 0x0 in invalid memory address: 0xfefa
WARNING: Putting 0x0 in invalid memory address: 0xfef9
WARNING: Putting 0x0 in invalid memory address: 0xfef8
WARNING: Putting 0x0 in invalid memory address: 0xfef7
WARNING: Putting 0x0 in invalid memory address: 0xfef6
WARNING: Putting 0x0 in invalid memory address: 0xfef5
WARNING: Putting 0x0 in invalid memory address: 0xfef4
WARNING: Putting 0x0 in invalid memory address: 0xfef3
WARNING: Putting 0x0 in invalid memory address: 0xfef2
WARNING: Putting 0x0 in invalid memory address: 0xfef1
WARNING: Putting 0x0 in invalid memory address: 0xfef0
WARNING: Putting 0x0 in invalid memory address: 0xfeef
WARNING: Putting 0x0 in invalid memory address: 0xfeee
WARNING: Putting 0x0 in invalid memory address: 0xfeed
WARNING: Putting 0x0 in invalid memory address: 0xfeec
WARNING: Putting 0x0 in invalid memory address: 0xfeeb
WARNING: Putting 0x0 in invalid memory address: 0xfeea
WARNING: Putting 0x0 in invalid memory address: 0xfee9
WARNING: Putting 0x0 in invalid memory address: 0xfee8
WARNING: Putting 0x0 in invalid memory address: 0xfee7
WARNING: Putting 0x0 in invalid memory address: 0xfee6
WARNING: Putting 0x0 in invalid memory address: 0xfee5
WARNING: Putting 0x0 in invalid memory address: 0xfee4
WARNING: Putting 0x0 in invalid memory address: 0xfee3
WARNING: Putting 0x0 in invalid memory address: 0xfee2
WARNING: Putting 0x0 in invalid memory address: 0xfee1
WARNING: Putting 0x0 in invalid memory address: 0xfee0
WARNING: Putting 0x0 in invalid memory address: 0xfedf
WARNING: Putting 0x0 in invalid memory address: 0xfede
WARNING: Putting 0x0 in invalid memory address: 0xfedd
WARNING: Putting 0x0 in invalid memory address: 0xfedc
WARNING: Putting 0x0 in invalid memory address: 0xfedb
WARNING: Putting 0x0 in invalid memory address: 0xfeda
WARNING: Putting 0x0 in invalid memory address: 0xfed9
WARNING: Putting 0x0 in invalid memory address: 0xfed8
WARNING: Putting 0x0 in invalid memory address: 0xfed7
WARNING: Putting 0x0 in invalid memory address: 0xfed6
WARNING: Putting 0x0 in invalid memory address: 0xfed5
WARNING: Putting 0x0 in invalid memory address: 0xfed4
WARNING: Putting 0x0 in invalid memory address: 0xfed3
WARNING: Putting 0x0 in invalid memory address: 0xfed2
WARNING: Putting 0x0 in invalid memory address: 0xfed1
WARNING: Putting 0x0 in invalid memory address: 0xfed0
WARNING: Putting 0x0 in invalid memory address: 0xfecf
WARNING: Putting 0x0 in invalid memory address: 0xfece
WARNING: Putting 0x0 in invalid memory address: 0xfecd
WARNING: Putting 0x0 in invalid memory address: 0xfecc
WARNING: Putting 0x0 in invalid memory address: 0xfecb
WARNING: Putting 0x0 in invalid memory address: 0xfeca
WARNING: Putting 0x0 in invalid memory address: 0xfec9
WARNING: Putting 0x0 in invalid memory address: 0xfec8
WARNING: Putting 0x0 in invalid memory address: 0xfec7
WARNING: Putting 0x0 in invalid memory address: 0xfec6
WARNING: Putting 0x0 in invalid memory address: 0xfec5
WARNING: Putting 0x0 in invalid memory address: 0xfec4
WARNING: Putting 0x0 in invalid memory address: 0xfec3
WARNING: Putting 0x0 in invalid memory address: 0xfec2
WARNING: Putting 0x0 in invalid memory address: 0xfec1
WARNING: Putting 0x0 in invalid memory address: 0xfec0
WARNING: Putting 0x0 in invalid memory address: 0xfebf
WARNING: Putting 0x0 in invalid memory address: 0xfebe
WARNING: Putting 0x0 in invalid memory address: 0xfebd
WARNING: Putting 0x0 in invalid memory address: 0xfebc
WARNING: Putting 0x0 in invalid memory address: 0xfebb
WARNING: Putting 0x0 in invalid memory address: 0xfeba
WARNING: Putting 0x0 in invalid memory address: 0xfeb9
WARNING: Putting 0x0 in invalid memory address: 0xfeb8
WARNING: Putting 0x0 in invalid memory address: 0xfeb7
WARNING: Putting 0x0 in invalid memory address: 0xfeb6
WARNING: Putting 0x0 in invalid memory address: 0xfeb5
WARNING: Putting 0x0 in invalid memory address: 0xfeb4
WARNING: Putting 0x0 in invalid memory address: 0xfeb3
WARNING: Putting 0x0 in invalid memory address: 0xfeb2
WARNING: Putting 0x0 in invalid memory address: 0xfeb1
WARNING: Putting 0x0 in invalid memory address: 0xfeb0
WARNING: Putting 0x0 in invalid memory address: 0xfeaf
WARNING: Putting 0x0 in invalid memory address: 0xfeae
WARNING: Putting 0x0 in invalid memory address: 0xfead
WARNING: Putting 0x0 in invalid memory address: 0xfeac
WARNING: Putting 0x0 in invalid memory address: 0xfeab
WARNING: Putting 0x0 in invalid memory address: 0xfeaa
WARNING: Putting 0x0 in invalid memory address: 0xfea9
WARNING: Putting 0x0 in invalid memory address: 0xfea8
WARNING: Putting 0x0 in invalid memory address: 0xfea7
WARNING: Putting 0x0 in invalid memory address: 0xfea6
WARNING: Putting 0x0 in invalid memory address: 0xfea5
WARNING: Putting 0x0 in invalid memory address: 0xfea4
WARNING: Putting 0x0 in invalid memory address: 0xfea3
WARNING: Putting 0x0 in invalid memory address: 0xfea2
WARNING: Putting 0x0 in invalid memory address: 0xfea1
WARNING: Putting 0x0 in invalid memory address: 0xfea0
